<?xml version="1.0" encoding="UTF-8"?>
<testsuite xmlns:xsi="http://www.w3.org/2001/XMLSchema-instance" xsi:schemaLocation="https://maven.apache.org/surefire/maven-surefire-plugin/xsd/surefire-test-report.xsd" name="com.sg.classroster.service.ClassRosterServiceLayerImplTest" time="0.611" tests="6" errors="6" skipped="0" failures="0">
  <properties>
    <property name="java.runtime.name" value="OpenJDK Runtime Environment"/>
    <property name="java.vm.version" value="11.0.19+7"/>
    <property name="sun.boot.library.path" value="C:\Program Files\AdoptOpenJDK\jdk-11.0.19.7-hotspot\bin"/>
    <property name="maven.multiModuleProjectDirectory" value="C:\Users\salajrawi\OneDrive - Wiley\Desktop\Classes@2023\DI003\Week3\Day4\ClassRosterWithServiceLayerTemplate"/>
    <property name="java.vm.vendor" value="Eclipse Adoptium"/>
    <property name="java.vendor.url" value="https://adoptium.net/"/>
    <property name="guice.disable.misplaced.annotation.check" value="true"/>
    <property name="path.separator" value=";"/>
    <property name="java.vm.name" value="OpenJDK 64-Bit Server VM"/>
    <property name="sun.os.patch.level" value=""/>
    <property name="user.script" value=""/>
    <property name="user.country" value="US"/>
    <property name="sun.java.launcher" value="SUN_STANDARD"/>
    <property name="test" value="com.sg.classroster.service.ClassRosterServiceLayerImplTest"/>
    <property name="java.vm.specification.name" value="Java Virtual Machine Specification"/>
    <property name="user.dir" value="C:\Users\salajrawi\OneDrive - Wiley\Desktop\Classes@2023\DI003\Week3\Day4\ClassRosterWithServiceLayerTemplate"/>
    <property name="java.vm.compressedOopsMode" value="Zero based"/>
    <property name="java.runtime.version" value="11.0.19+7"/>
    <property name="java.awt.graphicsenv" value="sun.awt.Win32GraphicsEnvironment"/>
    <property name="os.arch" value="amd64"/>
    <property name="java.io.tmpdir" value="C:\Users\SALAJR~1\AppData\Local\Temp\"/>
    <property name="line.separator" value="&#10;"/>
    <property name="java.vm.specification.vendor" value="Oracle Corporation"/>
    <property name="user.variant" value=""/>
    <property name="os.name" value="Windows 10"/>
    <property name="maven.ext.class.path" value="C:\Program Files\NetBeans-12.0\netbeans\java\maven-nblib\netbeans-eventspy.jar"/>
    <property name="classworlds.conf" value="C:\Program Files\NetBeans-12.0\netbeans\java\maven\bin\..\bin\m2.conf"/>
    <property name="sun.jnu.encoding" value="Cp1252"/>
    <property name="java.library.path" value="C:\Program Files\AdoptOpenJDK\jdk-11.0.19.7-hotspot\bin;C:\WINDOWS\Sun\Java\bin;C:\WINDOWS\system32;C:\WINDOWS;C:\Program Files\Eclipse Adoptium\jdk-11.0.19.7-hotspot\bin;C:\Program Files (x86)\Common Files\Oracle\Java\javapath;C:\ProgramData\Oracle\Java\javapath;C:\Program Files\Common Files\Microsoft Shared\Microsoft Online Services;C:\Program Files (x86)\Common Files\Microsoft Shared\Microsoft Online Services;C:\WINDOWS\system32;C:\WINDOWS;C:\WINDOWS\System32\Wbem;C:\WINDOWS\System32\WindowsPowerShell\v1.0\;C:\WINDOWS\System32\OpenSSH\;C:\Program Files\IcedTeaWeb\WebStart\bin;C:\Program Files\dotnet\;C:\Program Files\Microsoft SQL Server\130\Tools\Binn\;C:\Program Files\Microsoft SQL Server\Client SDK\ODBC\170\Tools\Binn\;C:\Program Files\Git\cmd;C:\Program Files (x86)\dotnet\;C:\Users\salajrawi\AppData\Roaming\nvm;C:\Program Files\nodejs;C:\Program Files\MySQL\MySQL Shell 8.0\bin\;C:\Users\salajrawi\AppData\Local\Microsoft\WindowsApps;C:\Users\salajrawi\.dotnet\tools;C:\Users\salajrawi\AppData\Local\Programs\Microsoft VS Code\bin;C:\Users\salajrawi\AppData\Local\atom\bin;C:\apache-maven-3.8.4\bin;C:\Users\salajrawi\AppData\Roaming\nvm;C:\Program Files\nodejs;C:\Program Files\JetBrains\PyCharm 2023.1.2\bin;;."/>
    <property name="maven.conf" value="C:\Program Files\NetBeans-12.0\netbeans\java\maven\bin\../conf"/>
    <property name="jdk.debug" value="release"/>
    <property name="java.class.version" value="55.0"/>
    <property name="java.specification.name" value="Java Platform API Specification"/>
    <property name="sun.management.compiler" value="HotSpot 64-Bit Tiered Compilers"/>
    <property name="os.version" value="10.0"/>
    <property name="library.jansi.path" value="C:\Program Files\NetBeans-12.0\netbeans\java\maven\bin\..\lib\jansi-native"/>
    <property name="user.home" value="C:\Users\salajrawi"/>
    <property name="user.timezone" value="America/Los_Angeles"/>
    <property name="java.awt.printerjob" value="sun.awt.windows.WPrinterJob"/>
    <property name="file.encoding" value="UTF-8"/>
    <property name="java.specification.version" value="11"/>
    <property name="user.name" value="salajrawi"/>
    <property name="java.class.path" value="C:\Program Files\NetBeans-12.0\netbeans\java\maven\bin\..\boot\plexus-classworlds-2.6.0.jar"/>
    <property name="java.vm.specification.version" value="11"/>
    <property name="sun.arch.data.model" value="64"/>
    <property name="sun.java.command" value="org.codehaus.plexus.classworlds.launcher.Launcher -Dtest=com.sg.classroster.service.ClassRosterServiceLayerImplTest -Dmaven.ext.class.path=C:\Program Files\NetBeans-12.0\netbeans\java\maven-nblib\netbeans-eventspy.jar -Dfile.encoding=UTF-8 surefire:test"/>
    <property name="java.home" value="C:\Program Files\AdoptOpenJDK\jdk-11.0.19.7-hotspot"/>
    <property name="user.language" value="en"/>
    <property name="java.specification.vendor" value="Oracle Corporation"/>
    <property name="awt.toolkit" value="sun.awt.windows.WToolkit"/>
    <property name="java.vm.info" value="mixed mode"/>
    <property name="java.version" value="11.0.19"/>
    <property name="java.vendor" value="Eclipse Adoptium"/>
    <property name="maven.home" value="C:\Program Files\NetBeans-12.0\netbeans\java\maven\bin\.."/>
    <property name="file.separator" value="\"/>
    <property name="java.version.date" value="2023-04-18"/>
    <property name="java.vendor.url.bug" value="https://github.com/adoptium/adoptium-support/issues"/>
    <property name="sun.io.unicode.encoding" value="UnicodeLittle"/>
    <property name="sun.cpu.endian" value="little"/>
    <property name="java.vendor.version" value="Temurin-11.0.19+7"/>
    <property name="sun.desktop" value="windows"/>
    <property name="sun.cpu.isalist" value="amd64"/>
  </properties>
  <testcase name="testCreateDuplicateIdStudent" classname="com.sg.classroster.service.ClassRosterServiceLayerImplTest" time="0.007">
    <error message="Cannot find class [com.sg.classroster.dao.ClassRosterDaoStubImpl] for bean with name &apos;classRosterDaoStub&apos; defined in class path resource [applicationContext.xml]; nested exception is java.lang.ClassNotFoundException: com.sg.classroster.dao.ClassRosterDaoStubImpl" type="org.springframework.beans.factory.CannotLoadBeanClassException"><![CDATA[org.springframework.beans.factory.CannotLoadBeanClassException: Cannot find class [com.sg.classroster.dao.ClassRosterDaoStubImpl] for bean with name 'classRosterDaoStub' defined in class path resource [applicationContext.xml]; nested exception is java.lang.ClassNotFoundException: com.sg.classroster.dao.ClassRosterDaoStubImpl
	at com.sg.classroster.service.ClassRosterServiceLayerImplTest.<init>(ClassRosterServiceLayerImplTest.java:32)
Caused by: java.lang.ClassNotFoundException: com.sg.classroster.dao.ClassRosterDaoStubImpl
	at com.sg.classroster.service.ClassRosterServiceLayerImplTest.<init>(ClassRosterServiceLayerImplTest.java:32)
]]></error>
    <system-err><![CDATA[Jun 08, 2023 8:20:46 AM org.springframework.context.support.ClassPathXmlApplicationContext prepareRefresh
INFO: Refreshing org.springframework.context.support.ClassPathXmlApplicationContext@2362f559: startup date [Thu Jun 08 08:20:46 PDT 2023]; root of context hierarchy
Jun 08, 2023 8:20:46 AM org.springframework.beans.factory.xml.XmlBeanDefinitionReader loadBeanDefinitions
INFO: Loading XML bean definitions from class path resource [applicationContext.xml]
Jun 08, 2023 8:20:46 AM org.springframework.context.support.ClassPathXmlApplicationContext refresh
WARNING: Exception encountered during context initialization - cancelling refresh attempt: org.springframework.beans.factory.CannotLoadBeanClassException: Cannot find class [com.sg.classroster.dao.ClassRosterDaoStubImpl] for bean with name 'classRosterDaoStub' defined in class path resource [applicationContext.xml]; nested exception is java.lang.ClassNotFoundException: com.sg.classroster.dao.ClassRosterDaoStubImpl
]]></system-err>
  </testcase>
  <testcase name="testGetStudent" classname="com.sg.classroster.service.ClassRosterServiceLayerImplTest" time="0">
    <error message="Cannot find class [com.sg.classroster.dao.ClassRosterDaoStubImpl] for bean with name &apos;classRosterDaoStub&apos; defined in class path resource [applicationContext.xml]; nested exception is java.lang.ClassNotFoundException: com.sg.classroster.dao.ClassRosterDaoStubImpl" type="org.springframework.beans.factory.CannotLoadBeanClassException"><![CDATA[org.springframework.beans.factory.CannotLoadBeanClassException: Cannot find class [com.sg.classroster.dao.ClassRosterDaoStubImpl] for bean with name 'classRosterDaoStub' defined in class path resource [applicationContext.xml]; nested exception is java.lang.ClassNotFoundException: com.sg.classroster.dao.ClassRosterDaoStubImpl
	at com.sg.classroster.service.ClassRosterServiceLayerImplTest.<init>(ClassRosterServiceLayerImplTest.java:32)
Caused by: java.lang.ClassNotFoundException: com.sg.classroster.dao.ClassRosterDaoStubImpl
	at com.sg.classroster.service.ClassRosterServiceLayerImplTest.<init>(ClassRosterServiceLayerImplTest.java:32)
]]></error>
    <system-err><![CDATA[Jun 08, 2023 8:20:46 AM org.springframework.context.support.ClassPathXmlApplicationContext prepareRefresh
INFO: Refreshing org.springframework.context.support.ClassPathXmlApplicationContext@78641d23: startup date [Thu Jun 08 08:20:46 PDT 2023]; root of context hierarchy
Jun 08, 2023 8:20:46 AM org.springframework.beans.factory.xml.XmlBeanDefinitionReader loadBeanDefinitions
INFO: Loading XML bean definitions from class path resource [applicationContext.xml]
Jun 08, 2023 8:20:46 AM org.springframework.context.support.ClassPathXmlApplicationContext refresh
WARNING: Exception encountered during context initialization - cancelling refresh attempt: org.springframework.beans.factory.CannotLoadBeanClassException: Cannot find class [com.sg.classroster.dao.ClassRosterDaoStubImpl] for bean with name 'classRosterDaoStub' defined in class path resource [applicationContext.xml]; nested exception is java.lang.ClassNotFoundException: com.sg.classroster.dao.ClassRosterDaoStubImpl
]]></system-err>
  </testcase>
  <testcase name="testGetAllStudents" classname="com.sg.classroster.service.ClassRosterServiceLayerImplTest" time="0">
    <error message="Cannot find class [com.sg.classroster.dao.ClassRosterDaoStubImpl] for bean with name &apos;classRosterDaoStub&apos; defined in class path resource [applicationContext.xml]; nested exception is java.lang.ClassNotFoundException: com.sg.classroster.dao.ClassRosterDaoStubImpl" type="org.springframework.beans.factory.CannotLoadBeanClassException"><![CDATA[org.springframework.beans.factory.CannotLoadBeanClassException: Cannot find class [com.sg.classroster.dao.ClassRosterDaoStubImpl] for bean with name 'classRosterDaoStub' defined in class path resource [applicationContext.xml]; nested exception is java.lang.ClassNotFoundException: com.sg.classroster.dao.ClassRosterDaoStubImpl
	at com.sg.classroster.service.ClassRosterServiceLayerImplTest.<init>(ClassRosterServiceLayerImplTest.java:32)
Caused by: java.lang.ClassNotFoundException: com.sg.classroster.dao.ClassRosterDaoStubImpl
	at com.sg.classroster.service.ClassRosterServiceLayerImplTest.<init>(ClassRosterServiceLayerImplTest.java:32)
]]></error>
    <system-err><![CDATA[Jun 08, 2023 8:20:46 AM org.springframework.context.support.ClassPathXmlApplicationContext prepareRefresh
INFO: Refreshing org.springframework.context.support.ClassPathXmlApplicationContext@632ceb35: startup date [Thu Jun 08 08:20:46 PDT 2023]; root of context hierarchy
Jun 08, 2023 8:20:46 AM org.springframework.beans.factory.xml.XmlBeanDefinitionReader loadBeanDefinitions
INFO: Loading XML bean definitions from class path resource [applicationContext.xml]
Jun 08, 2023 8:20:46 AM org.springframework.context.support.ClassPathXmlApplicationContext refresh
WARNING: Exception encountered during context initialization - cancelling refresh attempt: org.springframework.beans.factory.CannotLoadBeanClassException: Cannot find class [com.sg.classroster.dao.ClassRosterDaoStubImpl] for bean with name 'classRosterDaoStub' defined in class path resource [applicationContext.xml]; nested exception is java.lang.ClassNotFoundException: com.sg.classroster.dao.ClassRosterDaoStubImpl
]]></system-err>
  </testcase>
  <testcase name="testCreateStudentInvalidData" classname="com.sg.classroster.service.ClassRosterServiceLayerImplTest" time="0">
    <error message="Cannot find class [com.sg.classroster.dao.ClassRosterDaoStubImpl] for bean with name &apos;classRosterDaoStub&apos; defined in class path resource [applicationContext.xml]; nested exception is java.lang.ClassNotFoundException: com.sg.classroster.dao.ClassRosterDaoStubImpl" type="org.springframework.beans.factory.CannotLoadBeanClassException"><![CDATA[org.springframework.beans.factory.CannotLoadBeanClassException: Cannot find class [com.sg.classroster.dao.ClassRosterDaoStubImpl] for bean with name 'classRosterDaoStub' defined in class path resource [applicationContext.xml]; nested exception is java.lang.ClassNotFoundException: com.sg.classroster.dao.ClassRosterDaoStubImpl
	at com.sg.classroster.service.ClassRosterServiceLayerImplTest.<init>(ClassRosterServiceLayerImplTest.java:32)
Caused by: java.lang.ClassNotFoundException: com.sg.classroster.dao.ClassRosterDaoStubImpl
	at com.sg.classroster.service.ClassRosterServiceLayerImplTest.<init>(ClassRosterServiceLayerImplTest.java:32)
]]></error>
    <system-err><![CDATA[Jun 08, 2023 8:20:46 AM org.springframework.context.support.ClassPathXmlApplicationContext prepareRefresh
INFO: Refreshing org.springframework.context.support.ClassPathXmlApplicationContext@7a1a14a4: startup date [Thu Jun 08 08:20:46 PDT 2023]; root of context hierarchy
Jun 08, 2023 8:20:46 AM org.springframework.beans.factory.xml.XmlBeanDefinitionReader loadBeanDefinitions
INFO: Loading XML bean definitions from class path resource [applicationContext.xml]
Jun 08, 2023 8:20:46 AM org.springframework.context.support.ClassPathXmlApplicationContext refresh
WARNING: Exception encountered during context initialization - cancelling refresh attempt: org.springframework.beans.factory.CannotLoadBeanClassException: Cannot find class [com.sg.classroster.dao.ClassRosterDaoStubImpl] for bean with name 'classRosterDaoStub' defined in class path resource [applicationContext.xml]; nested exception is java.lang.ClassNotFoundException: com.sg.classroster.dao.ClassRosterDaoStubImpl
]]></system-err>
  </testcase>
  <testcase name="testRemoveStudent" classname="com.sg.classroster.service.ClassRosterServiceLayerImplTest" time="0">
    <error message="Cannot find class [com.sg.classroster.dao.ClassRosterDaoStubImpl] for bean with name &apos;classRosterDaoStub&apos; defined in class path resource [applicationContext.xml]; nested exception is java.lang.ClassNotFoundException: com.sg.classroster.dao.ClassRosterDaoStubImpl" type="org.springframework.beans.factory.CannotLoadBeanClassException"><![CDATA[org.springframework.beans.factory.CannotLoadBeanClassException: Cannot find class [com.sg.classroster.dao.ClassRosterDaoStubImpl] for bean with name 'classRosterDaoStub' defined in class path resource [applicationContext.xml]; nested exception is java.lang.ClassNotFoundException: com.sg.classroster.dao.ClassRosterDaoStubImpl
	at com.sg.classroster.service.ClassRosterServiceLayerImplTest.<init>(ClassRosterServiceLayerImplTest.java:32)
Caused by: java.lang.ClassNotFoundException: com.sg.classroster.dao.ClassRosterDaoStubImpl
	at com.sg.classroster.service.ClassRosterServiceLayerImplTest.<init>(ClassRosterServiceLayerImplTest.java:32)
]]></error>
    <system-err><![CDATA[Jun 08, 2023 8:20:46 AM org.springframework.context.support.ClassPathXmlApplicationContext prepareRefresh
INFO: Refreshing org.springframework.context.support.ClassPathXmlApplicationContext@5bf0fe62: startup date [Thu Jun 08 08:20:46 PDT 2023]; root of context hierarchy
Jun 08, 2023 8:20:46 AM org.springframework.beans.factory.xml.XmlBeanDefinitionReader loadBeanDefinitions
INFO: Loading XML bean definitions from class path resource [applicationContext.xml]
Jun 08, 2023 8:20:47 AM org.springframework.context.support.ClassPathXmlApplicationContext refresh
WARNING: Exception encountered during context initialization - cancelling refresh attempt: org.springframework.beans.factory.CannotLoadBeanClassException: Cannot find class [com.sg.classroster.dao.ClassRosterDaoStubImpl] for bean with name 'classRosterDaoStub' defined in class path resource [applicationContext.xml]; nested exception is java.lang.ClassNotFoundException: com.sg.classroster.dao.ClassRosterDaoStubImpl
]]></system-err>
  </testcase>
  <testcase name="testCreateValidStudent" classname="com.sg.classroster.service.ClassRosterServiceLayerImplTest" time="0.001">
    <error message="Cannot find class [com.sg.classroster.dao.ClassRosterDaoStubImpl] for bean with name &apos;classRosterDaoStub&apos; defined in class path resource [applicationContext.xml]; nested exception is java.lang.ClassNotFoundException: com.sg.classroster.dao.ClassRosterDaoStubImpl" type="org.springframework.beans.factory.CannotLoadBeanClassException"><![CDATA[org.springframework.beans.factory.CannotLoadBeanClassException: Cannot find class [com.sg.classroster.dao.ClassRosterDaoStubImpl] for bean with name 'classRosterDaoStub' defined in class path resource [applicationContext.xml]; nested exception is java.lang.ClassNotFoundException: com.sg.classroster.dao.ClassRosterDaoStubImpl
	at com.sg.classroster.service.ClassRosterServiceLayerImplTest.<init>(ClassRosterServiceLayerImplTest.java:32)
Caused by: java.lang.ClassNotFoundException: com.sg.classroster.dao.ClassRosterDaoStubImpl
	at com.sg.classroster.service.ClassRosterServiceLayerImplTest.<init>(ClassRosterServiceLayerImplTest.java:32)
]]></error>
    <system-err><![CDATA[Jun 08, 2023 8:20:47 AM org.springframework.context.support.ClassPathXmlApplicationContext prepareRefresh
INFO: Refreshing org.springframework.context.support.ClassPathXmlApplicationContext@2c07545f: startup date [Thu Jun 08 08:20:47 PDT 2023]; root of context hierarchy
Jun 08, 2023 8:20:47 AM org.springframework.beans.factory.xml.XmlBeanDefinitionReader loadBeanDefinitions
INFO: Loading XML bean definitions from class path resource [applicationContext.xml]
Jun 08, 2023 8:20:47 AM org.springframework.context.support.ClassPathXmlApplicationContext refresh
WARNING: Exception encountered during context initialization - cancelling refresh attempt: org.springframework.beans.factory.CannotLoadBeanClassException: Cannot find class [com.sg.classroster.dao.ClassRosterDaoStubImpl] for bean with name 'classRosterDaoStub' defined in class path resource [applicationContext.xml]; nested exception is java.lang.ClassNotFoundException: com.sg.classroster.dao.ClassRosterDaoStubImpl
]]></system-err>
  </testcase>
</testsuite>